<?xml version="1.0" encoding="UTF-8"?>
<testsuites name="Test Suite 1" time="59.34" tests="2" failures="0" errors="0">
   <testsuite name="Test Suite 1" tests="2" failures="0" errors="0" time="59.34" skipped="0" timestamp="13-02-2024T11:47:25" hostname="rizky - Rizky" id="Test Suites/Test Suite 1">
      <properties>
         <property name="deviceName" value="emulator-5554 (sdk_gphone64_x86_64 - Android 14)"/>
         <property name="devicePlatform" value=""/>
         <property name="logFolder" value="C:\\Users\\rizky\\git\\katalon-taskmobile-RizkyAriSaktiaPasi\\Reports\\20240213_114718\\Test Suite 1\\20240213_114718"/>
         <property name="logFiles" value="C:\\Users\\rizky\\git\\katalon-taskmobile-RizkyAriSaktiaPasi\\Reports\\20240213_114718\\Test Suite 1\\20240213_114718\\appium.log, C:\\Users\\rizky\\git\\katalon-taskmobile-RizkyAriSaktiaPasi\\Reports\\20240213_114718\\Test Suite 1\\20240213_114718\\appium_error.log, C:\\Users\\rizky\\git\\katalon-taskmobile-RizkyAriSaktiaPasi\\Reports\\20240213_114718\\Test Suite 1\\20240213_114718\\execution0.log"/>
         <property name="attachments" value=""/>
         <property name="hostName" value="rizky - Rizky"/>
         <property name="os" value="Windows 11 64bit"/>
         <property name="appiumServerStatus" value="{&quot;value&quot;:{&quot;ready&quot;:true,&quot;message&quot;:&quot;The server is ready to accept new connections&quot;,&quot;build&quot;:{&quot;version&quot;:&quot;2.5.0&quot;}}}"/>
         <property name="katalonVersion" value="9.3.0.212"/>
         <property name="deviceOS" value="Android"/>
         <property name="appiumVersion" value="2.5.0"/>
         <property name="deviceModel" value="sdk_gphone64_x86_64"/>
         <property name="hostAddress" value="172.16.213.208"/>
         <property name="deviceManufacturer" value="Google"/>
         <property name="deviceId" value="emulator-5554"/>
         <property name="deviceName" value="emulator-5554 (sdk_gphone64_x86_64 - Android 14)"/>
         <property name="deviceOSVersion" value="14"/>
      </properties>
      <testcase name="Test Cases/Edit Nama Profile" time="38.516" classname="Test Cases/Edit Nama Profile" status="PASSED">
         <system-out><![CDATA[13-02-2024T11:47:25 - [TEST_CASE][PASSED] - Test Cases/Edit Nama Profile: Test Cases/Edit Nama Profile

13-02-2024T11:47:26 - [TEST_STEP][PASSED] - startApplication("C:\Users\rizky\Documents\Android-Solodroid_E-CommerceApp Demo_3.2.0.apk\Solodroid_E-CommerceApp Demo_3.2.0.apk", true): Started app at: 'C:\Users\rizky\Documents\Android-Solodroid_E-CommerceApp Demo_3.2.0.apk\Solodroid_E-CommerceApp Demo_3.2.0.apk'

13-02-2024T11:47:26 - [MESSAGE][INFO] - Detected NodeJS location: "C:\Program Files\nodejs\node.exe"

13-02-2024T11:47:32 - [MESSAGE][INFO] - PATH: C:\Program Files\nodejs;

13-02-2024T11:47:32 - [MESSAGE][INFO] - APPIUM_HOME: C:\Users\rizky\.appium

13-02-2024T11:47:32 - [MESSAGE][INFO] - appium outlog: C:\Users\rizky\git\katalon-taskmobile-RizkyAriSaktiaPasi\Reports\20240213_114718\Test Suite 1\20240213_114718\appium.log

13-02-2024T11:47:32 - [MESSAGE][INFO] - appium errlog: C:\Users\rizky\git\katalon-taskmobile-RizkyAriSaktiaPasi\Reports\20240213_114718\Test Suite 1\20240213_114718\appium_error.log

13-02-2024T11:47:36 - [MESSAGE][INFO] - Appium server started on port 49.403

13-02-2024T11:47:51 - [MESSAGE][PASSED] - Started app at: 'C:\Users\rizky\Documents\Android-Solodroid_E-CommerceApp Demo_3.2.0.apk\Solodroid_E-CommerceApp Demo_3.2.0.apk'

13-02-2024T11:47:51 - [TEST_STEP][PASSED] - tap(findTestObject("Object Repository/Edit Profile/Profile"), 0): Tapped on element 'Object Repository/Edit Profile/Profile'

13-02-2024T11:47:51 - [MESSAGE][WARNING] - Timeout '0' is invalid. Using default page load timeout: '30'

13-02-2024T11:47:56 - [MESSAGE][PASSED] - Tapped on element 'Object Repository/Edit Profile/Profile'

13-02-2024T11:47:56 - [TEST_STEP][PASSED] - tap(findTestObject("Object Repository/Edit Profile/Edit"), 0): Tapped on element 'Object Repository/Edit Profile/Edit'

13-02-2024T11:47:56 - [MESSAGE][WARNING] - Timeout '0' is invalid. Using default page load timeout: '30'

13-02-2024T11:47:57 - [MESSAGE][PASSED] - Tapped on element 'Object Repository/Edit Profile/Edit'

13-02-2024T11:47:57 - [TEST_STEP][PASSED] - tap(findTestObject("Object Repository/Edit Profile/Your name"), 0): Tapped on element 'Object Repository/Edit Profile/Your name'

13-02-2024T11:47:57 - [MESSAGE][WARNING] - Timeout '0' is invalid. Using default page load timeout: '30'

13-02-2024T11:48:01 - [MESSAGE][PASSED] - Tapped on element 'Object Repository/Edit Profile/Your name'

13-02-2024T11:48:01 - [TEST_STEP][PASSED] - setText(findTestObject("Object Repository/Edit Profile/Isi Nama"), "Fariz", 0): Text 'Fariz' has been set to element 'Object Repository/Edit Profile/Isi Nama'

13-02-2024T11:48:01 - [MESSAGE][WARNING] - Timeout '0' is invalid. Using default page load timeout: '30'

13-02-2024T11:48:03 - [MESSAGE][PASSED] - Text 'Fariz' has been set to element 'Object Repository/Edit Profile/Isi Nama'

13-02-2024T11:48:03 - [TEST_STEP][PASSED] - tap(findTestObject("Object Repository/Edit Profile/Tombol Ok"), 0): Tapped on element 'Object Repository/Edit Profile/Tombol Ok'

13-02-2024T11:48:03 - [MESSAGE][WARNING] - Timeout '0' is invalid. Using default page load timeout: '30'

13-02-2024T11:48:04 - [MESSAGE][PASSED] - Tapped on element 'Object Repository/Edit Profile/Tombol Ok']]></system-out>
         <system-err><![CDATA[]]></system-err>
      </testcase>
      <testcase name="Test Cases/Search" time="20.536" classname="Test Cases/Search" status="PASSED">
         <system-out><![CDATA[13-02-2024T11:48:04 - [TEST_CASE][PASSED] - Test Cases/Search: Test Cases/Search

13-02-2024T11:48:04 - [TEST_STEP][PASSED] - startApplication("C:\Users\rizky\Documents\Android-Solodroid_E-CommerceApp Demo_3.2.0.apk\Solodroid_E-CommerceApp Demo_3.2.0.apk", true): Started app at: 'C:\Users\rizky\Documents\Android-Solodroid_E-CommerceApp Demo_3.2.0.apk\Solodroid_E-CommerceApp Demo_3.2.0.apk'

13-02-2024T11:48:15 - [MESSAGE][PASSED] - Started app at: 'C:\Users\rizky\Documents\Android-Solodroid_E-CommerceApp Demo_3.2.0.apk\Solodroid_E-CommerceApp Demo_3.2.0.apk'

13-02-2024T11:48:15 - [TEST_STEP][PASSED] - tap(findTestObject("Object Repository/Search/android.widget.TextView"), 0): Tapped on element 'Object Repository/Search/android.widget.TextView'

13-02-2024T11:48:16 - [MESSAGE][WARNING] - Timeout '0' is invalid. Using default page load timeout: '30'

13-02-2024T11:48:21 - [MESSAGE][PASSED] - Tapped on element 'Object Repository/Search/android.widget.TextView'

13-02-2024T11:48:21 - [TEST_STEP][PASSED] - setText(findTestObject("Object Repository/Search/android.widget.AutoCompleteTextView - Search"), "Samsung", 0): Text 'Samsung' has been set to element 'Object Repository/Search/android.widget.AutoCompleteTextView - Search'

13-02-2024T11:48:21 - [MESSAGE][WARNING] - Timeout '0' is invalid. Using default page load timeout: '30'

13-02-2024T11:48:22 - [MESSAGE][PASSED] - Text 'Samsung' has been set to element 'Object Repository/Search/android.widget.AutoCompleteTextView - Search'

13-02-2024T11:48:22 - [TEST_STEP][PASSED] - hideKeyboard(): Keyboard is hidden

13-02-2024T11:48:24 - [MESSAGE][PASSED] - Keyboard is hidden]]></system-out>
         <system-err><![CDATA[]]></system-err>
      </testcase>
      <system-out><![CDATA[13-02-2024T11:47:25 - [TEST_SUITE][PASSED] - Test Suite 1: Test Cases/Search]]></system-out>
      <system-err><![CDATA[]]></system-err>
   </testsuite>
</testsuites>
